#
# There is insufficient memory for the Java Runtime Environment to continue.
# Native memory allocation (malloc) failed to allocate 262160 bytes for Chunk::new
# Possible reasons:
#   The system is out of physical RAM or swap space
#   In 32 bit mode, the process size limit was hit
# Possible solutions:
#   Reduce memory load on the system
#   Increase physical memory or swap space
#   Check if swap backing store is full
#   Use 64 bit Java on a 64 bit OS
#   Decrease Java heap size (-Xmx/-Xms)
#   Decrease number of Java threads
#   Decrease Java thread stack sizes (-Xss)
#   Set larger code cache with -XX:ReservedCodeCacheSize=
# This output file may be truncated or incomplete.
#
#  Out of Memory Error (allocation.cpp:390), pid=30012, tid=0x0000000000000a40
#
# JRE version: Java(TM) SE Runtime Environment (8.0_172-b11) (build 1.8.0_172-b11)
# Java VM: Java HotSpot(TM) 64-Bit Server VM (25.172-b11 mixed mode windows-amd64 compressed oops)
# Failed to write core dump. Minidumps are not enabled by default on client versions of Windows
#

---------------  T H R E A D  ---------------

Current thread (0x000000001e504000):  JavaThread "C2 CompilerThread5" daemon [_thread_in_native, id=2624, stack(0x0000000020620000,0x0000000020720000)]

Stack: [0x0000000020620000,0x0000000020720000]
[error occurred during error reporting (printing stack bounds), id 0xc0000005]

Native frames: (J=compiled Java code, j=interpreted, Vv=VM code, C=native code)


Current CompileTask:
C2:   5686 4169   !   4       org.codehaus.plexus.interpolation.StringSearchInterpolator::interpolate (655 bytes)


---------------  P R O C E S S  ---------------

Java Threads: ( => current thread )
  0x000000001e5e9800 JavaThread "Service Thread" daemon [_thread_blocked, id=2228, stack(0x0000000020d20000,0x0000000020e20000)]
  0x000000001e588800 JavaThread "C1 CompilerThread11" daemon [_thread_in_vm, id=17052, stack(0x0000000020c20000,0x0000000020d20000)]
  0x000000001e58d800 JavaThread "C1 CompilerThread10" daemon [_thread_blocked, id=27884, stack(0x0000000020b20000,0x0000000020c20000)]
  0x000000001e58d000 JavaThread "C1 CompilerThread9" daemon [_thread_blocked, id=23120, stack(0x0000000020a20000,0x0000000020b20000)]
  0x000000001e589000 JavaThread "C1 CompilerThread8" daemon [_thread_blocked, id=24808, stack(0x0000000020920000,0x0000000020a20000)]
  0x000000001e557800 JavaThread "C2 CompilerThread7" daemon [_thread_in_native, id=18984, stack(0x0000000020820000,0x0000000020920000)]
  0x000000001e523000 JavaThread "C2 CompilerThread6" daemon [_thread_blocked, id=23328, stack(0x0000000020720000,0x0000000020820000)]
=>0x000000001e504000 JavaThread "C2 CompilerThread5" daemon [_thread_in_native, id=2624, stack(0x0000000020620000,0x0000000020720000)]
  0x000000001e4ff800 JavaThread "C2 CompilerThread4" daemon [_thread_blocked, id=24488, stack(0x0000000020520000,0x0000000020620000)]
  0x000000001e4fe800 JavaThread "C2 CompilerThread3" daemon [_thread_blocked, id=13704, stack(0x0000000020420000,0x0000000020520000)]
  0x000000001e4fe000 JavaThread "C2 CompilerThread2" daemon [_thread_in_native, id=10724, stack(0x0000000020320000,0x0000000020420000)]
  0x000000001e4fb000 JavaThread "C2 CompilerThread1" daemon [_thread_blocked, id=24088, stack(0x0000000020220000,0x0000000020320000)]
  0x000000001e4f8000 JavaThread "C2 CompilerThread0" daemon [_thread_blocked, id=24208, stack(0x0000000020120000,0x0000000020220000)]
  0x000000001e4e8000 JavaThread "Monitor Ctrl-Break" daemon [_thread_in_native, id=17684, stack(0x0000000020020000,0x0000000020120000)]
  0x000000001e476000 JavaThread "Attach Listener" daemon [_thread_blocked, id=29140, stack(0x000000001ff20000,0x0000000020020000)]
  0x000000001e473000 JavaThread "Signal Dispatcher" daemon [_thread_blocked, id=29636, stack(0x000000001fe20000,0x000000001ff20000)]
  0x000000001e456800 JavaThread "Finalizer" daemon [_thread_blocked, id=1844, stack(0x000000001fcb0000,0x000000001fdb0000)]
  0x000000001c9cc800 JavaThread "Reference Handler" daemon [_thread_blocked, id=17288, stack(0x000000001fbb0000,0x000000001fcb0000)]
  0x0000000000c1e800 JavaThread "main" [_thread_in_native, id=9880, stack(0x00000000028d0000,0x00000000029d0000)]

Other Threads:
  0x000000001e434000 VMThread [stack: 0x000000001fab0000,0x000000001fbb0000] [id=13160]
  0x000000001e5ed800 WatcherThread [stack: 0x0000000020e20000,0x0000000020f20000] [id=16512]

VM state:not at safepoint (normal execution)

VM Mutex/Monitor currently owned by a thread: None

Heap:
 PSYoungGen      total 139776K, used 67119K [0x000000076c180000, 0x0000000775480000, 0x00000007c0000000)
  eden space 129024K, 43% used [0x000000076c180000,0x000000076f893f88,0x0000000773f80000)
  from space 10752K, 99% used [0x0000000773f80000,0x00000007749f8020,0x0000000774a00000)
  to   space 10752K, 0% used [0x0000000774a00000,0x0000000774a00000,0x0000000775480000)
 ParOldGen       total 172032K, used 91163K [0x00000006c4400000, 0x00000006cec00000, 0x000000076c180000)
  object space 172032K, 52% used [0x00000006c4400000,0x00000006c9d06e90,0x00000006cec00000)
 Metaspace       used 18446K, capacity 18950K, committed 19200K, reserved 1067008K
  class space    used 2181K, capacity 2300K, committed 2304K, reserved 1048576K

Card table byte_map: [0x0000000012000000,0x00000000127e0000] byte_map_base: 0x000000000e9de000

Marking Bits: (ParMarkBitMap*) 0x0000000062b33c10
 Begin Bits: [0x0000000013a20000, 0x0000000017910000)
 End Bits:   [0x0000000017910000, 0x000000001b800000)

Polling page: 0x0000000000c00000

CodeCache: size=245760Kb used=16842Kb max_used=16842Kb free=228917Kb
 bounds [0x0000000002c40000, 0x0000000003cd0000, 0x0000000011c40000]
 total_blobs=4058 nmethods=3704 adapters=263
 compilation: enabled

Compilation events (10 events):
Event: 5.680 Thread 0x000000001e58d800 4229       3       org.apache.maven.model.building.DefaultModelBuilder::getParentPomFile (41 bytes)
Event: 5.680 Thread 0x000000001e58d000 4230   !   3       org.apache.maven.model.building.DefaultModelBuilder::readParentExternally (452 bytes)
Event: 5.680 Thread 0x000000001e588800 4231       3       org.apache.maven.model.building.ModelProblemUtils::toSourceHint (57 bytes)
Event: 5.680 Thread 0x000000001e58d800 nmethod 4229 0x0000000003ca8b50 code [0x0000000003ca8d00, 0x0000000003ca92e8]
Event: 5.681 Thread 0x000000001e588800 nmethod 4231 0x0000000003ca7790 code [0x0000000003ca79c0, 0x0000000003ca8618]
Event: 5.682 Thread 0x000000001e58d800 4232       3       org.apache.maven.model.merge.ModelMerger::mergeConfigurationContainer_Configuration (67 bytes)
Event: 5.683 Thread 0x000000001e58d800 nmethod 4232 0x0000000003cad350 code [0x0000000003cad520, 0x0000000003cade08]
Event: 5.684 Thread 0x000000001e58d000 nmethod 4230 0x0000000003cae150 code [0x0000000003cae820, 0x0000000003cb2e18]
Event: 5.684 Thread 0x000000001e589000 nmethod 4228 0x0000000003cb5bd0 code [0x0000000003cb62c0, 0x0000000003cbaa18]
Event: 5.685 Thread 0x000000001e588800 4233       3       org.codehaus.plexus.util.xml.pull.MXParser::parseEntityRef (909 bytes)

GC Heap History (10 events):
Event: 1.665 GC heap before
{Heap before GC invocations=3 (full 0):
 PSYoungGen      total 139776K, used 139752K [0x000000076c180000, 0x0000000775480000, 0x00000007c0000000)
  eden space 129024K, 100% used [0x000000076c180000,0x0000000773f80000,0x0000000773f80000)
  from space 10752K, 99% used [0x0000000774a00000,0x000000077547a020,0x0000000775480000)
  to   space 10752K, 0% used [0x0000000773f80000,0x0000000773f80000,0x0000000774a00000)
 ParOldGen       total 172032K, used 10129K [0x00000006c4400000, 0x00000006cec00000, 0x000000076c180000)
  object space 172032K, 5% used [0x00000006c4400000,0x00000006c4de4538,0x00000006cec00000)
 Metaspace       used 15749K, capacity 16142K, committed 16384K, reserved 1062912K
  class space    used 1852K, capacity 1948K, committed 2048K, reserved 1048576K
Event: 1.681 GC heap after
Heap after GC invocations=3 (full 0):
 PSYoungGen      total 139776K, used 10744K [0x000000076c180000, 0x0000000775480000, 0x00000007c0000000)
  eden space 129024K, 0% used [0x000000076c180000,0x000000076c180000,0x0000000773f80000)
  from space 10752K, 99% used [0x0000000773f80000,0x00000007749fe050,0x0000000774a00000)
  to   space 10752K, 0% used [0x0000000774a00000,0x0000000774a00000,0x0000000775480000)
 ParOldGen       total 172032K, used 29303K [0x00000006c4400000, 0x00000006cec00000, 0x000000076c180000)
  object space 172032K, 17% used [0x00000006c4400000,0x00000006c609dd98,0x00000006cec00000)
 Metaspace       used 15749K, capacity 16142K, committed 16384K, reserved 1062912K
  class space    used 1852K, capacity 1948K, committed 2048K, reserved 1048576K
}
Event: 1.976 GC heap before
{Heap before GC invocations=4 (full 0):
 PSYoungGen      total 139776K, used 139768K [0x000000076c180000, 0x0000000775480000, 0x00000007c0000000)
  eden space 129024K, 100% used [0x000000076c180000,0x0000000773f80000,0x0000000773f80000)
  from space 10752K, 99% used [0x0000000773f80000,0x00000007749fe050,0x0000000774a00000)
  to   space 10752K, 0% used [0x0000000774a00000,0x0000000774a00000,0x0000000775480000)
 ParOldGen       total 172032K, used 29303K [0x00000006c4400000, 0x00000006cec00000, 0x000000076c180000)
  object space 172032K, 17% used [0x00000006c4400000,0x00000006c609dd98,0x00000006cec00000)
 Metaspace       used 15962K, capacity 16346K, committed 16640K, reserved 1064960K
  class space    used 1853K, capacity 1950K, committed 2048K, reserved 1048576K
Event: 1.990 GC heap after
Heap after GC invocations=4 (full 0):
 PSYoungGen      total 139776K, used 10728K [0x000000076c180000, 0x0000000775480000, 0x00000007c0000000)
  eden space 129024K, 0% used [0x000000076c180000,0x000000076c180000,0x0000000773f80000)
  from space 10752K, 99% used [0x0000000774a00000,0x000000077547a040,0x0000000775480000)
  to   space 10752K, 0% used [0x0000000773f80000,0x0000000773f80000,0x0000000774a00000)
 ParOldGen       total 172032K, used 43730K [0x00000006c4400000, 0x00000006cec00000, 0x000000076c180000)
  object space 172032K, 25% used [0x00000006c4400000,0x00000006c6eb48f8,0x00000006cec00000)
 Metaspace       used 15962K, capacity 16346K, committed 16640K, reserved 1064960K
  class space    used 1853K, capacity 1950K, committed 2048K, reserved 1048576K
}
Event: 2.175 GC heap before
{Heap before GC invocations=5 (full 0):
 PSYoungGen      total 139776K, used 139752K [0x000000076c180000, 0x0000000775480000, 0x00000007c0000000)
  eden space 129024K, 100% used [0x000000076c180000,0x0000000773f80000,0x0000000773f80000)
  from space 10752K, 99% used [0x0000000774a00000,0x000000077547a040,0x0000000775480000)
  to   space 10752K, 0% used [0x0000000773f80000,0x0000000773f80000,0x0000000774a00000)
 ParOldGen       total 172032K, used 43730K [0x00000006c4400000, 0x00000006cec00000, 0x000000076c180000)
  object space 172032K, 25% used [0x00000006c4400000,0x00000006c6eb48f8,0x00000006cec00000)
 Metaspace       used 15978K, capacity 16346K, committed 16640K, reserved 1064960K
  class space    used 1853K, capacity 1950K, committed 2048K, reserved 1048576K
Event: 2.198 GC heap after
Heap after GC invocations=5 (full 0):
 PSYoungGen      total 139776K, used 10744K [0x000000076c180000, 0x0000000775480000, 0x00000007c0000000)
  eden space 129024K, 0% used [0x000000076c180000,0x000000076c180000,0x0000000773f80000)
  from space 10752K, 99% used [0x0000000773f80000,0x00000007749fe050,0x0000000774a00000)
  to   space 10752K, 0% used [0x0000000774a00000,0x0000000774a00000,0x0000000775480000)
 ParOldGen       total 172032K, used 60798K [0x00000006c4400000, 0x00000006cec00000, 0x000000076c180000)
  object space 172032K, 35% used [0x00000006c4400000,0x00000006c7f5f9b8,0x00000006cec00000)
 Metaspace       used 15978K, capacity 16346K, committed 16640K, reserved 1064960K
  class space    used 1853K, capacity 1950K, committed 2048K, reserved 1048576K
}
Event: 2.391 GC heap before
{Heap before GC invocations=6 (full 0):
 PSYoungGen      total 139776K, used 139768K [0x000000076c180000, 0x0000000775480000, 0x00000007c0000000)
  eden space 129024K, 100% used [0x000000076c180000,0x0000000773f80000,0x0000000773f80000)
  from space 10752K, 99% used [0x0000000773f80000,0x00000007749fe050,0x0000000774a00000)
  to   space 10752K, 0% used [0x0000000774a00000,0x0000000774a00000,0x0000000775480000)
 ParOldGen       total 172032K, used 60798K [0x00000006c4400000, 0x00000006cec00000, 0x000000076c180000)
  object space 172032K, 35% used [0x00000006c4400000,0x00000006c7f5f9b8,0x00000006cec00000)
 Metaspace       used 15997K, capacity 16370K, committed 16640K, reserved 1064960K
  class space    used 1856K, capacity 1954K, committed 2048K, reserved 1048576K
Event: 2.416 GC heap after
Heap after GC invocations=6 (full 0):
 PSYoungGen      total 139776K, used 10728K [0x000000076c180000, 0x0000000775480000, 0x00000007c0000000)
  eden space 129024K, 0% used [0x000000076c180000,0x000000076c180000,0x0000000773f80000)
  from space 10752K, 99% used [0x0000000774a00000,0x000000077547a060,0x0000000775480000)
  to   space 10752K, 0% used [0x0000000773f80000,0x0000000773f80000,0x0000000774a00000)
 ParOldGen       total 172032K, used 76909K [0x00000006c4400000, 0x00000006cec00000, 0x000000076c180000)
  object space 172032K, 44% used [0x00000006c4400000,0x00000006c8f1b4f8,0x00000006cec00000)
 Metaspace       used 15997K, capacity 16370K, committed 16640K, reserved 1064960K
  class space    used 1856K, capacity 1954K, committed 2048K, reserved 1048576K
}
Event: 3.705 GC heap before
{Heap before GC invocations=7 (full 0):
 PSYoungGen      total 139776K, used 139752K [0x000000076c180000, 0x0000000775480000, 0x00000007c0000000)
  eden space 129024K, 100% used [0x000000076c180000,0x0000000773f80000,0x0000000773f80000)
  from space 10752K, 99% used [0x0000000774a00000,0x000000077547a060,0x0000000775480000)
  to   space 10752K, 0% used [0x0000000773f80000,0x0000000773f80000,0x0000000774a00000)
 ParOldGen       total 172032K, used 76909K [0x00000006c4400000, 0x00000006cec00000, 0x000000076c180000)
  object space 172032K, 44% used [0x00000006c4400000,0x00000006c8f1b4f8,0x00000006cec00000)
 Metaspace       used 16581K, capacity 16984K, committed 17152K, reserved 1064960K
  class space    used 1903K, capacity 1987K, committed 2048K, reserved 1048576K
Event: 3.725 GC heap after
Heap after GC invocations=7 (full 0):
 PSYoungGen      total 139776K, used 10720K [0x000000076c180000, 0x0000000775480000, 0x00000007c0000000)
  eden space 129024K, 0% used [0x000000076c180000,0x000000076c180000,0x0000000773f80000)
  from space 10752K, 99% used [0x0000000773f80000,0x00000007749f8020,0x0000000774a00000)
  to   space 10752K, 0% used [0x0000000774a00000,0x0000000774a00000,0x0000000775480000)
 ParOldGen       total 172032K, used 91163K [0x00000006c4400000, 0x00000006cec00000, 0x000000076c180000)
  object space 172032K, 52% used [0x00000006c4400000,0x00000006c9d06e90,0x00000006cec00000)
 Metaspace       used 16581K, capacity 16984K, committed 17152K, reserved 1064960K
  class space    used 1903K, capacity 1987K, committed 2048K, reserved 1048576K
}

Deoptimization events (10 events):
Event: 5.477 Thread 0x0000000000c1e800 Uncommon trap: reason=null_check action=make_not_entrant pc=0x0000000003953f5c method=org.eclipse.sisu.plexus.ClassRealmManager.visibleRealmNames(Lorg/codehaus/plexus/classworlds/realm/ClassRealm;)Ljava/util/Set; @ 19
Event: 5.511 Thread 0x0000000000c1e800 Uncommon trap: reason=class_check action=maybe_recompile pc=0x000000000399ea60 method=java.util.Properties$LineReader.readLine()I @ 62
Event: 5.511 Thread 0x0000000000c1e800 Uncommon trap: reason=unstable_if action=reinterpret pc=0x0000000003bf52b8 method=java.util.Properties.load0(Ljava/util/Properties$LineReader;)V @ 145
Event: 5.511 Thread 0x0000000000c1e800 Uncommon trap: reason=unstable_if action=reinterpret pc=0x000000000399e988 method=java.util.Properties$LineReader.readLine()I @ 246
Event: 5.583 Thread 0x0000000000c1e800 Uncommon trap: reason=class_check action=maybe_recompile pc=0x00000000039346c4 method=org.eclipse.sisu.wire.EntryListAdapter$ValueIterator.hasNext()Z @ 4
Event: 5.603 Thread 0x0000000000c1e800 Uncommon trap: reason=bimorphic action=maybe_recompile pc=0x0000000003bf10c8 method=java.util.regex.Pattern$Branch.match(Ljava/util/regex/Matcher;ILjava/lang/CharSequence;)Z @ 32
Event: 5.603 Thread 0x0000000000c1e800 Uncommon trap: reason=bimorphic action=maybe_recompile pc=0x00000000034788d8 method=java.util.regex.Pattern$CharProperty.match(Ljava/util/regex/Matcher;ILjava/lang/CharSequence;)Z @ 37
Event: 5.604 Thread 0x0000000000c1e800 Uncommon trap: reason=bimorphic action=maybe_recompile pc=0x0000000003b49520 method=java.util.Collections$UnmodifiableCollection$1.<init>(Ljava/util/Collections$UnmodifiableCollection;)V @ 17
Event: 5.605 Thread 0x0000000000c1e800 Uncommon trap: reason=bimorphic action=maybe_recompile pc=0x0000000003b49520 method=java.util.Collections$UnmodifiableCollection$1.<init>(Ljava/util/Collections$UnmodifiableCollection;)V @ 17
Event: 5.606 Thread 0x0000000000c1e800 Uncommon trap: reason=unstable_if action=reinterpret pc=0x00000000033d105c method=com.google.inject.internal.InjectorImpl.callInContext(Lcom/google/inject/internal/ContextualCallable;)Ljava/lang/Object; @ 161

Classes redefined (0 events):
No events

Internal exceptions (10 events):
Event: 5.430 Thread 0x0000000000c1e800 Exception <a 'java/lang/NoClassDefFoundError': org/sonatype/aether/graph/Dependency> (0x000000076dfb2918) thrown at [C:\re\workspace\8-2-build-windows-amd64-cygwin\jdk8u172\10810\hotspot\src\share\vm\classfile\systemDictionary.cpp, line 199]
Event: 5.433 Thread 0x0000000000c1e800 Exception <a 'java/lang/NoClassDefFoundError': org/sonatype/aether/artifact/Artifact> (0x000000076e00b288) thrown at [C:\re\workspace\8-2-build-windows-amd64-cygwin\jdk8u172\10810\hotspot\src\share\vm\classfile\systemDictionary.cpp, line 199]
Event: 5.435 Thread 0x0000000000c1e800 Exception <a 'java/lang/NoClassDefFoundError': org/sonatype/aether/deployment/DeploymentException> (0x000000076e061d88) thrown at [C:\re\workspace\8-2-build-windows-amd64-cygwin\jdk8u172\10810\hotspot\src\share\vm\classfile\systemDictionary.cpp, line 199]
Event: 5.448 Thread 0x0000000000c1e800 Exception <a 'java/lang/NoClassDefFoundError': org/sonatype/aether/resolution/ArtifactResolutionException> (0x000000076e244350) thrown at [C:\re\workspace\8-2-build-windows-amd64-cygwin\jdk8u172\10810\hotspot\src\share\vm\classfile\systemDictionary.cpp, l
Event: 5.456 Thread 0x0000000000c1e800 Exception <a 'java/lang/NoClassDefFoundError': org/sonatype/aether/collection/DependencyCollectionException> (0x000000076e3675e0) thrown at [C:\re\workspace\8-2-build-windows-amd64-cygwin\jdk8u172\10810\hotspot\src\share\vm\classfile\systemDictionary.cpp,
Event: 5.463 Thread 0x0000000000c1e800 Exception <a 'java/lang/NoClassDefFoundError': org/sonatype/aether/artifact/Artifact> (0x000000076e3fdf98) thrown at [C:\re\workspace\8-2-build-windows-amd64-cygwin\jdk8u172\10810\hotspot\src\share\vm\classfile\systemDictionary.cpp, line 199]
Event: 5.466 Thread 0x0000000000c1e800 Exception <a 'java/lang/NoClassDefFoundError': org/sonatype/aether/resolution/ArtifactDescriptorException> (0x000000076e476598) thrown at [C:\re\workspace\8-2-build-windows-amd64-cygwin\jdk8u172\10810\hotspot\src\share\vm\classfile\systemDictionary.cpp, l
Event: 5.476 Thread 0x0000000000c1e800 Implicit null exception at 0x00000000037d2af7 to 0x00000000037d3c99
Event: 5.477 Thread 0x0000000000c1e800 Implicit null exception at 0x000000000395378c to 0x0000000003953f41
Event: 5.606 Thread 0x0000000000c1e800 Implicit null exception at 0x00000000033cfce6 to 0x00000000033d104b

Events (10 events):
Event: 5.634 loading class org/eclipse/aether/repository/LocalMetadataRegistration
Event: 5.634 loading class org/eclipse/aether/repository/LocalMetadataRegistration done
Event: 5.642 loading class org/apache/maven/artifact/repository/metadata/SnapshotArtifactRepositoryMetadata
Event: 5.642 loading class org/apache/maven/artifact/repository/metadata/SnapshotArtifactRepositoryMetadata done
Event: 5.642 loading class org/apache/maven/artifact/repository/metadata/AbstractRepositoryMetadata
Event: 5.642 loading class org/apache/maven/artifact/repository/metadata/AbstractRepositoryMetadata done
Event: 5.643 loading class org/apache/maven/artifact/repository/metadata/ArtifactRepositoryMetadata
Event: 5.643 loading class org/apache/maven/artifact/repository/metadata/ArtifactRepositoryMetadata done
Event: 5.681 Thread 0x0000000000c1e800 DEOPT PACKING pc=0x000000000348cb10 sp=0x00000000029ccd10
Event: 5.681 Thread 0x0000000000c1e800 DEOPT UNPACKING pc=0x0000000002c87890 sp=0x00000000029ccc00 mode 0


Dynamic libraries:
0x00007ff7acaf0000 - 0x00007ff7acb27000 	D:\Java\bin\java.exe
0x00007ffecc5f0000 - 0x00007ffecc804000 	C:\WINDOWS\SYSTEM32\ntdll.dll
0x00007ffecb160000 - 0x00007ffecb223000 	C:\WINDOWS\System32\KERNEL32.DLL
0x00007ffec9e20000 - 0x00007ffeca1bc000 	C:\WINDOWS\System32\KERNELBASE.dll
0x00007ffec3c10000 - 0x00007ffec3ca7000 	C:\WINDOWS\SYSTEM32\apphelp.dll
0x00007ffecc4c0000 - 0x00007ffecc56e000 	C:\WINDOWS\System32\ADVAPI32.dll
0x00007ffecb090000 - 0x00007ffecb137000 	C:\WINDOWS\System32\msvcrt.dll
0x00007ffecaf30000 - 0x00007ffecafd4000 	C:\WINDOWS\System32\sechost.dll
0x00007ffecad10000 - 0x00007ffecae25000 	C:\WINDOWS\System32\RPCRT4.dll
0x00007ffecba50000 - 0x00007ffecbbfd000 	C:\WINDOWS\System32\USER32.dll
0x00007ffeca2e0000 - 0x00007ffeca306000 	C:\WINDOWS\System32\win32u.dll
0x00007ffecc570000 - 0x00007ffecc599000 	C:\WINDOWS\System32\GDI32.dll
0x00007ffeca1c0000 - 0x00007ffeca2d3000 	C:\WINDOWS\System32\gdi32full.dll
0x00007ffec9cc0000 - 0x00007ffec9d5a000 	C:\WINDOWS\System32\msvcp_win.dll
0x00007ffec9ba0000 - 0x00007ffec9cb1000 	C:\WINDOWS\System32\ucrtbase.dll
0x00007ffeaea30000 - 0x00007ffeaecbe000 	C:\WINDOWS\WinSxS\amd64_microsoft.windows.common-controls_6595b64144ccf1df_6.0.22621.608_none_a9444ca7c10bb01d\COMCTL32.dll
0x00007ffeca6e0000 - 0x00007ffeca711000 	C:\WINDOWS\System32\IMM32.DLL
0x0000000062bc0000 - 0x0000000062c92000 	D:\Java\jre\bin\msvcr100.dll
0x0000000062310000 - 0x0000000062bb3000 	D:\Java\jre\bin\server\jvm.dll
0x00007ffecb230000 - 0x00007ffecb238000 	C:\WINDOWS\System32\PSAPI.DLL
0x00007ffebda60000 - 0x00007ffebda94000 	C:\WINDOWS\SYSTEM32\WINMM.dll
0x00007ffeb2270000 - 0x00007ffeb227a000 	C:\WINDOWS\SYSTEM32\VERSION.dll
0x00007ffeaede0000 - 0x00007ffeaede9000 	C:\WINDOWS\SYSTEM32\WSOCK32.dll
0x00007ffecbc00000 - 0x00007ffecbc71000 	C:\WINDOWS\System32\WS2_32.dll
0x0000000062300000 - 0x000000006230f000 	D:\Java\jre\bin\verify.dll
0x00000000622d0000 - 0x00000000622f9000 	D:\Java\jre\bin\java.dll
0x00000000621c0000 - 0x00000000621e3000 	D:\Java\jre\bin\instrument.dll
0x00000000622b0000 - 0x00000000622c6000 	D:\Java\jre\bin\zip.dll
0x00007ffecbc80000 - 0x00007ffecc470000 	C:\WINDOWS\System32\SHELL32.dll
0x00007ffec7a40000 - 0x00007ffec830e000 	C:\WINDOWS\SYSTEM32\windows.storage.dll
0x00007ffecb6c0000 - 0x00007ffecba49000 	C:\WINDOWS\System32\combase.dll
0x00007ffec7900000 - 0x00007ffec7a3e000 	C:\WINDOWS\SYSTEM32\wintypes.dll
0x00007ffeca720000 - 0x00007ffeca811000 	C:\WINDOWS\System32\SHCORE.dll
0x00007ffeca600000 - 0x00007ffeca65e000 	C:\WINDOWS\System32\shlwapi.dll
0x00007ffec9960000 - 0x00007ffec9981000 	C:\WINDOWS\SYSTEM32\profapi.dll
0x00007ffeb35d0000 - 0x00007ffeb35ea000 	D:\server\idea2023.3.3\IntelliJ IDEA 2022.3.3\bin\breakgen64.dll
0x0000000062290000 - 0x00000000622aa000 	D:\Java\jre\bin\net.dll
0x00007ffec8ef0000 - 0x00007ffec8f59000 	C:\WINDOWS\system32\mswsock.dll
0x0000000062270000 - 0x0000000062281000 	D:\Java\jre\bin\nio.dll

VM Arguments:
jvm_args: -Dmaven.multiModuleProjectDirectory=D:\yygh_parent -Dmaven.home=D:\server\apache-maven-3.3.9 -Dclassworlds.conf=D:\server\apache-maven-3.3.9\bin\m2.conf -Dmaven.ext.class.path=D:\server\idea2023.3.3\IntelliJ IDEA 2022.3.3\plugins\maven\lib\maven-event-listener.jar -javaagent:D:\server\idea2023.3.3\IntelliJ IDEA 2022.3.3\lib\idea_rt.jar=1997:D:\server\idea2023.3.3\IntelliJ IDEA 2022.3.3\bin -Dfile.encoding=UTF-8 
java_command: org.codehaus.classworlds.Launcher -Didea.version=2022.3.3 -s D:\server\apache-maven-3.3.9\conf\settings.xml install
java_class_path (initial): D:\server\apache-maven-3.3.9\boot\plexus-classworlds-2.5.2.jar;D:\server\idea2023.3.3\IntelliJ IDEA 2022.3.3\lib\idea_rt.jar
Launcher Type: SUN_STANDARD

Environment Variables:
JAVA_HOME=D:\Java
CLASSPATH=.;D:\Java\lib;D:\Java\lib\tools.jar
PATH=D:\Java\bin;C:\Program Files (x86)\Common Files\Oracle\Java\javapath;D:\app\z\product\11.2.0\dbhome_1\bin;D:\server\VMwar\vm16\bin\;C:\WINDOWS\system32;C:\WINDOWS;C:\WINDOWS\System32\Wbem;C:\WINDOWS\System32\WindowsPowerShell\v1.0\;C:\WINDOWS\System32\OpenSSH\;D:\server\Git\Git\cmd;D:\server\noodjs\;"%TOMCAT_HOME%\bin;%CATALINA_HOME%\lib";C:\Users\z\AppData\Local\Microsoft\WindowsApps;C:\Users\z\AppData\Roaming\npm;D:\server\vscode\Microsoft VS Code\bin;
USERNAME=z
OS=Windows_NT
PROCESSOR_IDENTIFIER=Intel64 Family 6 Model 154 Stepping 3, GenuineIntel



---------------  S Y S T E M  ---------------

OS: Windows 10.0 , 64 bit Build 22621 (10.0.22621.1344)

CPU:total 16 (initial active 16) (8 cores per cpu, 2 threads per core) family 6 model 154 stepping 3, cmov, cx8, fxsr, mmx, sse, sse2, sse3, ssse3, sse4.1, sse4.2, popcnt, avx, avx2, aes, clmul, erms, 3dnowpref, lzcnt, ht, tsc, tscinvbit, bmi1, bmi2, adx

Memory: 4k page, physical 16495032k(711888k free), swap 42709556k(4164k free)

vm_info: Java HotSpot(TM) 64-Bit Server VM (25.172-b11) for windows-amd64 JRE (1.8.0_172-b11), built on Mar 28 2018 21:21:52 by "java_re" with MS VC++ 10.0 (VS2010)

time: Thu Mar 23 14:53:47 2023
elapsed time: 5 seconds (0d 0h 0m 5s)

